生成启动时间为 2018/3/4 17:17:26。
     1>项目“F:\work\test\NEW-写字板\NEW-写字板\NEW-写字板.vcxproj”在节点 2 上(Build 个目标)。
     1>ClCompile:
         C:\Program Files (x86)\Microsoft Visual Studio 12.0\VC\bin\CL.exe /c /Zi /nologo /W3 /WX- /O2 /Oi /Oy- /GL /D WIN32 /D NDEBUG /D _WINDOWS /D _UNICODE /D UNICODE /Gm- /EHsc /MD /GS /Gy /fp:precise /Zc:wchar_t /Zc:forScope /Yc"stdafx.h" /Fp"Release\NEW-写字板.pch" /Fo"Release\\" /Fd"Release\vc120.pdb" /Gd /TP /analyze- /errorReport:prompt stdafx.cpp
         stdafx.cpp
         C:\Program Files (x86)\Microsoft Visual Studio 12.0\VC\bin\CL.exe /c /Zi /nologo /W3 /WX- /O2 /Oi /Oy- /GL /D WIN32 /D NDEBUG /D _WINDOWS /D _UNICODE /D UNICODE /Gm- /EHsc /MD /GS /Gy /fp:precise /Zc:wchar_t /Zc:forScope /Yu"stdafx.h" /Fp"Release\NEW-写字板.pch" /Fo"Release\\" /Fd"Release\vc120.pdb" /Gd /TP /analyze- /errorReport:prompt "NEW-写字板.cpp"
         NEW-写字板.cpp
     1>NEW-写字板.cpp(152): warning C4244: “=”: 从“double”转换到“int”，可能丢失数据
       ResourceCompile:
         C:\Program Files (x86)\Windows Kits\8.1\bin\x86\rc.exe /D _UNICODE /D UNICODE /l"0x0409" /nologo /fo"Release\NEW-写字板.res" "NEW-写字板.rc" 
       Link:
         C:\Program Files (x86)\Microsoft Visual Studio 12.0\VC\bin\link.exe /ERRORREPORT:PROMPT /OUT:"F:\work\test\NEW-写字板\Release\NEW-写字板.exe" /INCREMENTAL:NO /NOLOGO kernel32.lib user32.lib gdi32.lib winspool.lib comdlg32.lib advapi32.lib shell32.lib ole32.lib oleaut32.lib uuid.lib odbc32.lib odbccp32.lib /MANIFEST /MANIFESTUAC:"level='asInvoker' uiAccess='false'" /manifest:embed /DEBUG /PDB:"F:\work\test\NEW-写字板\Release\NEW-写字板.pdb" /SUBSYSTEM:WINDOWS /OPT:REF /OPT:ICF /LTCG /TLBID:1 /DYNAMICBASE /NXCOMPAT /IMPLIB:"F:\work\test\NEW-写字板\Release\NEW-写字板.lib" /MACHINE:X86 /SAFESEH "Release\NEW-写字板.res"
         "Release\NEW-写字板.obj"
         Release\stdafx.obj
         正在生成代码
         已完成代码的生成
         NEW-写字板.vcxproj -> F:\work\test\NEW-写字板\Release\NEW-写字板.exe
     1>已完成生成项目“F:\work\test\NEW-写字板\NEW-写字板\NEW-写字板.vcxproj”(Build 个目标)的操作。

生成成功。

已用时间 00:00:00.77
